{"message":"Could not get genres","stack":"Error: Could not get genres\n    at C:\\vscode\\project\\vidly\\routes\\genres.js:8:9\n    at newFn (C:\\vscode\\project\\vidly\\node_modules\\express-async-errors\\index.js:16:20)\n    at Layer.handle [as handle_request] (C:\\vscode\\project\\vidly\\node_modules\\express\\lib\\router\\layer.js:95:5)\n    at next (C:\\vscode\\project\\vidly\\node_modules\\express\\lib\\router\\route.js:149:13)\n    at Route.dispatch (C:\\vscode\\project\\vidly\\node_modules\\express\\lib\\router\\route.js:119:3)\n    at newFn (C:\\vscode\\project\\vidly\\node_modules\\express-async-errors\\index.js:16:20)\n    at Layer.handle [as handle_request] (C:\\vscode\\project\\vidly\\node_modules\\express\\lib\\router\\layer.js:95:5)\n    at C:\\vscode\\project\\vidly\\node_modules\\express\\lib\\router\\index.js:284:15\n    at Function.process_params (C:\\vscode\\project\\vidly\\node_modules\\express\\lib\\router\\index.js:346:12)\n    at next (C:\\vscode\\project\\vidly\\node_modules\\express\\lib\\router\\index.js:280:10)","level":"error","timestamp":"2024-11-08T01:46:08.982Z"}
{"message":"Somethin","stack":"Error: Somethin\n    at Object.<anonymous> (C:\\vscode\\project\\vidly\\index.js:26:26)\n    at Module._compile (node:internal/modules/cjs/loader:1546:14)\n    at Module._extensions..js (node:internal/modules/cjs/loader:1691:10)\n    at Module.load (node:internal/modules/cjs/loader:1317:32)\n    at Module._load (node:internal/modules/cjs/loader:1127:12)\n    at TracingChannel.traceSync (node:diagnostics_channel:315:14)\n    at wrapModuleLoad (node:internal/modules/cjs/loader:217:24)\n    at Function.executeUserEntryPoint [as runMain] (node:internal/modules/run_main:166:5)\n    at node:internal/main/run_main_module:30:49","level":"error","timestamp":"2024-11-08T12:35:07.310Z"}
{"message":"Something failed miserably","stack":"Error: Something failed miserably\n    at Object.<anonymous> (C:\\vscode\\project\\vidly\\index.js:26:26)\n    at Module._compile (node:internal/modules/cjs/loader:1546:14)\n    at Module._extensions..js (node:internal/modules/cjs/loader:1691:10)\n    at Module.load (node:internal/modules/cjs/loader:1317:32)\n    at Module._load (node:internal/modules/cjs/loader:1127:12)\n    at TracingChannel.traceSync (node:diagnostics_channel:315:14)\n    at wrapModuleLoad (node:internal/modules/cjs/loader:217:24)\n    at Function.executeUserEntryPoint [as runMain] (node:internal/modules/run_main:166:5)\n    at node:internal/main/run_main_module:30:49","level":"error","timestamp":"2024-11-08T12:35:33.052Z"}
{"message":"Something failed miserably","stack":"Error: Something failed miserably\n    at Object.<anonymous> (C:\\vscode\\project\\vidly\\index.js:26:26)\n    at Module._compile (node:internal/modules/cjs/loader:1546:14)\n    at Module._extensions..js (node:internal/modules/cjs/loader:1691:10)\n    at Module.load (node:internal/modules/cjs/loader:1317:32)\n    at Module._load (node:internal/modules/cjs/loader:1127:12)\n    at TracingChannel.traceSync (node:diagnostics_channel:315:14)\n    at wrapModuleLoad (node:internal/modules/cjs/loader:217:24)\n    at Function.executeUserEntryPoint [as runMain] (node:internal/modules/run_main:166:5)\n    at node:internal/main/run_main_module:30:49","level":"error","timestamp":"2024-11-08T12:35:51.777Z"}
{"message":"Something failed miserably","stack":"Error: Something failed miserably\n    at Object.<anonymous> (C:\\vscode\\project\\vidly\\index.js:26:26)\n    at Module._compile (node:internal/modules/cjs/loader:1546:14)\n    at Module._extensions..js (node:internal/modules/cjs/loader:1691:10)\n    at Module.load (node:internal/modules/cjs/loader:1317:32)\n    at Module._load (node:internal/modules/cjs/loader:1127:12)\n    at TracingChannel.traceSync (node:diagnostics_channel:315:14)\n    at wrapModuleLoad (node:internal/modules/cjs/loader:217:24)\n    at Function.executeUserEntryPoint [as runMain] (node:internal/modules/run_main:166:5)\n    at node:internal/main/run_main_module:30:49","level":"error","timestamp":"2024-11-08T12:36:08.913Z"}
{"message":"Something failed miserably","stack":"Error: Something failed miserably\n    at Object.<anonymous> (C:\\vscode\\project\\vidly\\index.js:26:26)\n    at Module._compile (node:internal/modules/cjs/loader:1546:14)\n    at Module._extensions..js (node:internal/modules/cjs/loader:1691:10)\n    at Module.load (node:internal/modules/cjs/loader:1317:32)\n    at Module._load (node:internal/modules/cjs/loader:1127:12)\n    at TracingChannel.traceSync (node:diagnostics_channel:315:14)\n    at wrapModuleLoad (node:internal/modules/cjs/loader:217:24)\n    at Function.executeUserEntryPoint [as runMain] (node:internal/modules/run_main:166:5)\n    at node:internal/main/run_main_module:30:49","level":"error","timestamp":"2024-11-08T12:36:34.796Z"}
{"message":"Something failed miserably","stack":"Error: Something failed miserably\n    at Object.<anonymous> (C:\\vscode\\project\\vidly\\index.js:26:26)\n    at Module._compile (node:internal/modules/cjs/loader:1546:14)\n    at Module._extensions..js (node:internal/modules/cjs/loader:1691:10)\n    at Module.load (node:internal/modules/cjs/loader:1317:32)\n    at Module._load (node:internal/modules/cjs/loader:1127:12)\n    at TracingChannel.traceSync (node:diagnostics_channel:315:14)\n    at wrapModuleLoad (node:internal/modules/cjs/loader:217:24)\n    at Function.executeUserEntryPoint [as runMain] (node:internal/modules/run_main:166:5)\n    at node:internal/main/run_main_module:30:49","level":"error","timestamp":"2024-11-08T12:36:42.617Z"}
{"level":"info","message":"Listening on port 3000..","timestamp":"2024-11-19T00:49:02.405Z"}
{"level":"info","message":"Listening on port 3000..","timestamp":"2024-11-19T00:51:48.140Z"}
{"level":"info","message":"Listening on port 3000..","timestamp":"2024-11-19T09:44:15.141Z"}
{"level":"info","message":"Listening on port 3000..","timestamp":"2024-11-19T09:44:31.028Z"}
{"level":"info","message":"Listening on port 3000..","timestamp":"2024-11-19T09:44:43.145Z"}
{"level":"info","message":"Listening on port 3000..","timestamp":"2024-11-19T09:46:17.673Z"}
{"level":"info","message":"Listening on port 3000..","timestamp":"2024-11-19T10:49:30.717Z"}
{"level":"info","message":"Listening on port 3000..","timestamp":"2024-11-19T10:50:20.214Z"}
{"level":"info","message":"Listening on port 3000..","timestamp":"2024-11-19T10:51:13.599Z"}
{"level":"info","message":"Listening on port 3000..","timestamp":"2024-11-19T11:02:57.916Z"}
{"level":"info","message":"Listening on port 3000..","timestamp":"2024-11-19T11:06:39.049Z"}
{"level":"info","message":"Listening on port 3000..","timestamp":"2024-11-19T11:07:34.787Z"}
{"level":"info","message":"Listening on port 3000..","timestamp":"2024-11-20T15:50:36.906Z"}
{"level":"info","message":"Listening on port 3000..","timestamp":"2024-11-20T15:53:20.698Z"}
{"level":"info","message":"Listening on port 3000..","timestamp":"2024-11-20T15:57:55.427Z"}
{"level":"info","message":"Listening on port 3000..","timestamp":"2024-11-20T15:58:06.292Z"}
{"level":"info","message":"Listening on port 3000..","timestamp":"2024-11-20T15:58:34.454Z"}
{"message":"Cast to ObjectId failed for value \"1\" (type string) at path \"_id\" for model \"Genre\"","stack":"CastError: Cast to ObjectId failed for value \"1\" (type string) at path \"_id\" for model \"Genre\"\n    at SchemaObjectId.Object.<anonymous>.SchemaObjectId.cast (C:\\vscode\\project\\vidly\\node_modules\\mongoose\\lib\\schema\\objectId.js:250:11)\n    at SchemaObjectId.Object.<anonymous>.SchemaType.applySetters (C:\\vscode\\project\\vidly\\node_modules\\mongoose\\lib\\schemaType.js:1236:12)\n    at SchemaObjectId.Object.<anonymous>.SchemaType.castForQuery (C:\\vscode\\project\\vidly\\node_modules\\mongoose\\lib\\schemaType.js:1653:17)\n    at cast (C:\\vscode\\project\\vidly\\node_modules\\mongoose\\lib\\cast.js:389:32)\n    at model.Query.Object.<anonymous>.Query.cast (C:\\vscode\\project\\vidly\\node_modules\\mongoose\\lib\\query.js:4868:12)\n    at model.Query.Object.<anonymous>.Query._castConditions (C:\\vscode\\project\\vidly\\node_modules\\mongoose\\lib\\query.js:2265:10)\n    at model.Query._findOne (C:\\vscode\\project\\vidly\\node_modules\\mongoose\\lib\\query.js:2589:8)\n    at model.Query.exec (C:\\vscode\\project\\vidly\\node_modules\\mongoose\\lib\\query.js:4412:80)\n    at processTicksAndRejections (node:internal/process/task_queues:105:5)\n    at C:\\vscode\\project\\vidly\\routes\\genres.js:49:17","stringValue":"\"1\"","kind":"ObjectId","value":"1","path":"_id","reason":{},"valueType":"string","level":"error","timestamp":"2024-11-20T15:58:34.753Z"}
{"level":"info","message":"Listening on port 3000..","timestamp":"2024-11-20T15:58:50.296Z"}
{"message":"Cast to ObjectId failed for value \"1\" (type string) at path \"_id\" for model \"Genre\"","stack":"CastError: Cast to ObjectId failed for value \"1\" (type string) at path \"_id\" for model \"Genre\"\n    at SchemaObjectId.Object.<anonymous>.SchemaObjectId.cast (C:\\vscode\\project\\vidly\\node_modules\\mongoose\\lib\\schema\\objectId.js:250:11)\n    at SchemaObjectId.Object.<anonymous>.SchemaType.applySetters (C:\\vscode\\project\\vidly\\node_modules\\mongoose\\lib\\schemaType.js:1236:12)\n    at SchemaObjectId.Object.<anonymous>.SchemaType.castForQuery (C:\\vscode\\project\\vidly\\node_modules\\mongoose\\lib\\schemaType.js:1653:17)\n    at cast (C:\\vscode\\project\\vidly\\node_modules\\mongoose\\lib\\cast.js:389:32)\n    at model.Query.Object.<anonymous>.Query.cast (C:\\vscode\\project\\vidly\\node_modules\\mongoose\\lib\\query.js:4868:12)\n    at model.Query.Object.<anonymous>.Query._castConditions (C:\\vscode\\project\\vidly\\node_modules\\mongoose\\lib\\query.js:2265:10)\n    at model.Query._findOne (C:\\vscode\\project\\vidly\\node_modules\\mongoose\\lib\\query.js:2589:8)\n    at model.Query.exec (C:\\vscode\\project\\vidly\\node_modules\\mongoose\\lib\\query.js:4412:80)\n    at processTicksAndRejections (node:internal/process/task_queues:105:5)\n    at C:\\vscode\\project\\vidly\\routes\\genres.js:49:17","stringValue":"\"1\"","kind":"ObjectId","value":"1","path":"_id","reason":{},"valueType":"string","level":"error","timestamp":"2024-11-20T15:58:50.580Z"}
{"level":"info","message":"Listening on port 3000..","timestamp":"2024-11-20T16:00:34.653Z"}
{"message":"Cast to ObjectId failed for value \"1\" (type string) at path \"_id\" for model \"Genre\"","stack":"CastError: Cast to ObjectId failed for value \"1\" (type string) at path \"_id\" for model \"Genre\"\n    at SchemaObjectId.Object.<anonymous>.SchemaObjectId.cast (C:\\vscode\\project\\vidly\\node_modules\\mongoose\\lib\\schema\\objectId.js:250:11)\n    at SchemaObjectId.Object.<anonymous>.SchemaType.applySetters (C:\\vscode\\project\\vidly\\node_modules\\mongoose\\lib\\schemaType.js:1236:12)\n    at SchemaObjectId.Object.<anonymous>.SchemaType.castForQuery (C:\\vscode\\project\\vidly\\node_modules\\mongoose\\lib\\schemaType.js:1653:17)\n    at cast (C:\\vscode\\project\\vidly\\node_modules\\mongoose\\lib\\cast.js:389:32)\n    at model.Query.Object.<anonymous>.Query.cast (C:\\vscode\\project\\vidly\\node_modules\\mongoose\\lib\\query.js:4868:12)\n    at model.Query.Object.<anonymous>.Query._castConditions (C:\\vscode\\project\\vidly\\node_modules\\mongoose\\lib\\query.js:2265:10)\n    at model.Query._findOne (C:\\vscode\\project\\vidly\\node_modules\\mongoose\\lib\\query.js:2589:8)\n    at model.Query.exec (C:\\vscode\\project\\vidly\\node_modules\\mongoose\\lib\\query.js:4412:80)\n    at processTicksAndRejections (node:internal/process/task_queues:105:5)\n    at C:\\vscode\\project\\vidly\\routes\\genres.js:49:17","stringValue":"\"1\"","kind":"ObjectId","value":"1","path":"_id","reason":{},"valueType":"string","level":"error","timestamp":"2024-11-20T16:00:34.987Z"}
{"level":"info","message":"Listening on port 3000..","timestamp":"2024-11-20T16:01:02.979Z"}
{"message":"Cast to ObjectId failed for value \"1\" (type string) at path \"_id\" for model \"Genre\"","stack":"CastError: Cast to ObjectId failed for value \"1\" (type string) at path \"_id\" for model \"Genre\"\n    at SchemaObjectId.Object.<anonymous>.SchemaObjectId.cast (C:\\vscode\\project\\vidly\\node_modules\\mongoose\\lib\\schema\\objectId.js:250:11)\n    at SchemaObjectId.Object.<anonymous>.SchemaType.applySetters (C:\\vscode\\project\\vidly\\node_modules\\mongoose\\lib\\schemaType.js:1236:12)\n    at SchemaObjectId.Object.<anonymous>.SchemaType.castForQuery (C:\\vscode\\project\\vidly\\node_modules\\mongoose\\lib\\schemaType.js:1653:17)\n    at cast (C:\\vscode\\project\\vidly\\node_modules\\mongoose\\lib\\cast.js:389:32)\n    at model.Query.Object.<anonymous>.Query.cast (C:\\vscode\\project\\vidly\\node_modules\\mongoose\\lib\\query.js:4868:12)\n    at model.Query.Object.<anonymous>.Query._castConditions (C:\\vscode\\project\\vidly\\node_modules\\mongoose\\lib\\query.js:2265:10)\n    at model.Query._findOne (C:\\vscode\\project\\vidly\\node_modules\\mongoose\\lib\\query.js:2589:8)\n    at model.Query.exec (C:\\vscode\\project\\vidly\\node_modules\\mongoose\\lib\\query.js:4412:80)\n    at processTicksAndRejections (node:internal/process/task_queues:105:5)\n    at C:\\vscode\\project\\vidly\\routes\\genres.js:51:17","stringValue":"\"1\"","kind":"ObjectId","value":"1","path":"_id","reason":{},"valueType":"string","level":"error","timestamp":"2024-11-20T16:01:03.411Z"}
{"level":"info","message":"Listening on port 3000..","timestamp":"2024-11-20T16:01:42.076Z"}
{"level":"info","message":"Listening on port 3000..","timestamp":"2024-11-20T16:02:18.395Z"}
{"level":"info","message":"Listening on port 3000..","timestamp":"2024-12-26T08:41:22.973Z"}
{"level":"info","message":"Listening on port 3000..","timestamp":"2024-12-26T08:44:04.969Z"}
{"level":"info","message":"Listening on port 3000..","timestamp":"2024-12-26T08:44:21.614Z"}
{"level":"info","message":"Listening on port 3000..","timestamp":"2024-12-26T08:44:28.195Z"}
{"level":"info","message":"Listening on port 3000..","timestamp":"2024-12-26T08:44:34.336Z"}
{"level":"info","message":"Listening on port 3000..","timestamp":"2024-12-26T08:44:40.285Z"}
{"level":"info","message":"Listening on port 3000..","timestamp":"2024-12-26T08:44:51.399Z"}
{"message":"Cast to ObjectId failed for value \"1\" (type string) at path \"_id\" for model \"Genre\"","stack":"CastError: Cast to ObjectId failed for value \"1\" (type string) at path \"_id\" for model \"Genre\"\n    at SchemaObjectId.Object.<anonymous>.SchemaObjectId.cast (C:\\vscode\\project\\vidly\\node_modules\\mongoose\\lib\\schema\\objectId.js:250:11)\n    at SchemaObjectId.Object.<anonymous>.SchemaType.applySetters (C:\\vscode\\project\\vidly\\node_modules\\mongoose\\lib\\schemaType.js:1236:12)\n    at SchemaObjectId.Object.<anonymous>.SchemaType.castForQuery (C:\\vscode\\project\\vidly\\node_modules\\mongoose\\lib\\schemaType.js:1653:17)\n    at cast (C:\\vscode\\project\\vidly\\node_modules\\mongoose\\lib\\cast.js:389:32)\n    at model.Query.Object.<anonymous>.Query.cast (C:\\vscode\\project\\vidly\\node_modules\\mongoose\\lib\\query.js:4868:12)\n    at model.Query.Object.<anonymous>.Query._castConditions (C:\\vscode\\project\\vidly\\node_modules\\mongoose\\lib\\query.js:2265:10)\n    at model.Query._findOne (C:\\vscode\\project\\vidly\\node_modules\\mongoose\\lib\\query.js:2589:8)\n    at model.Query.exec (C:\\vscode\\project\\vidly\\node_modules\\mongoose\\lib\\query.js:4412:80)\n    at processTicksAndRejections (node:internal/process/task_queues:105:5)\n    at C:\\vscode\\project\\vidly\\routes\\genres.js:52:17","stringValue":"\"1\"","kind":"ObjectId","value":"1","path":"_id","reason":{},"valueType":"string","level":"error","timestamp":"2024-12-26T08:44:51.723Z"}
{"level":"info","message":"Listening on port 3000..","timestamp":"2024-12-26T08:44:57.248Z"}
{"message":"Cast to ObjectId failed for value \"1\" (type string) at path \"_id\" for model \"Genre\"","stack":"CastError: Cast to ObjectId failed for value \"1\" (type string) at path \"_id\" for model \"Genre\"\n    at SchemaObjectId.Object.<anonymous>.SchemaObjectId.cast (C:\\vscode\\project\\vidly\\node_modules\\mongoose\\lib\\schema\\objectId.js:250:11)\n    at SchemaObjectId.Object.<anonymous>.SchemaType.applySetters (C:\\vscode\\project\\vidly\\node_modules\\mongoose\\lib\\schemaType.js:1236:12)\n    at SchemaObjectId.Object.<anonymous>.SchemaType.castForQuery (C:\\vscode\\project\\vidly\\node_modules\\mongoose\\lib\\schemaType.js:1653:17)\n    at cast (C:\\vscode\\project\\vidly\\node_modules\\mongoose\\lib\\cast.js:389:32)\n    at model.Query.Object.<anonymous>.Query.cast (C:\\vscode\\project\\vidly\\node_modules\\mongoose\\lib\\query.js:4868:12)\n    at model.Query.Object.<anonymous>.Query._castConditions (C:\\vscode\\project\\vidly\\node_modules\\mongoose\\lib\\query.js:2265:10)\n    at model.Query._findOne (C:\\vscode\\project\\vidly\\node_modules\\mongoose\\lib\\query.js:2589:8)\n    at model.Query.exec (C:\\vscode\\project\\vidly\\node_modules\\mongoose\\lib\\query.js:4412:80)\n    at processTicksAndRejections (node:internal/process/task_queues:105:5)\n    at C:\\vscode\\project\\vidly\\routes\\genres.js:52:17","stringValue":"\"1\"","kind":"ObjectId","value":"1","path":"_id","reason":{},"valueType":"string","level":"error","timestamp":"2024-12-26T08:44:57.564Z"}
{"level":"info","message":"Listening on port 3000..","timestamp":"2024-12-26T08:45:03.726Z"}
{"message":"Cast to ObjectId failed for value \"1\" (type string) at path \"_id\" for model \"Genre\"","stack":"CastError: Cast to ObjectId failed for value \"1\" (type string) at path \"_id\" for model \"Genre\"\n    at SchemaObjectId.Object.<anonymous>.SchemaObjectId.cast (C:\\vscode\\project\\vidly\\node_modules\\mongoose\\lib\\schema\\objectId.js:250:11)\n    at SchemaObjectId.Object.<anonymous>.SchemaType.applySetters (C:\\vscode\\project\\vidly\\node_modules\\mongoose\\lib\\schemaType.js:1236:12)\n    at SchemaObjectId.Object.<anonymous>.SchemaType.castForQuery (C:\\vscode\\project\\vidly\\node_modules\\mongoose\\lib\\schemaType.js:1653:17)\n    at cast (C:\\vscode\\project\\vidly\\node_modules\\mongoose\\lib\\cast.js:389:32)\n    at model.Query.Object.<anonymous>.Query.cast (C:\\vscode\\project\\vidly\\node_modules\\mongoose\\lib\\query.js:4868:12)\n    at model.Query.Object.<anonymous>.Query._castConditions (C:\\vscode\\project\\vidly\\node_modules\\mongoose\\lib\\query.js:2265:10)\n    at model.Query._findOne (C:\\vscode\\project\\vidly\\node_modules\\mongoose\\lib\\query.js:2589:8)\n    at model.Query.exec (C:\\vscode\\project\\vidly\\node_modules\\mongoose\\lib\\query.js:4412:80)\n    at processTicksAndRejections (node:internal/process/task_queues:105:5)\n    at C:\\vscode\\project\\vidly\\routes\\genres.js:52:17","stringValue":"\"1\"","kind":"ObjectId","value":"1","path":"_id","reason":{},"valueType":"string","level":"error","timestamp":"2024-12-26T08:45:04.041Z"}
{"level":"info","message":"Listening on port 3000..","timestamp":"2024-12-26T08:45:18.657Z"}
{"message":"Cast to ObjectId failed for value \"1\" (type string) at path \"_id\" for model \"Genre\"","stack":"CastError: Cast to ObjectId failed for value \"1\" (type string) at path \"_id\" for model \"Genre\"\n    at SchemaObjectId.Object.<anonymous>.SchemaObjectId.cast (C:\\vscode\\project\\vidly\\node_modules\\mongoose\\lib\\schema\\objectId.js:250:11)\n    at SchemaObjectId.Object.<anonymous>.SchemaType.applySetters (C:\\vscode\\project\\vidly\\node_modules\\mongoose\\lib\\schemaType.js:1236:12)\n    at SchemaObjectId.Object.<anonymous>.SchemaType.castForQuery (C:\\vscode\\project\\vidly\\node_modules\\mongoose\\lib\\schemaType.js:1653:17)\n    at cast (C:\\vscode\\project\\vidly\\node_modules\\mongoose\\lib\\cast.js:389:32)\n    at model.Query.Object.<anonymous>.Query.cast (C:\\vscode\\project\\vidly\\node_modules\\mongoose\\lib\\query.js:4868:12)\n    at model.Query.Object.<anonymous>.Query._castConditions (C:\\vscode\\project\\vidly\\node_modules\\mongoose\\lib\\query.js:2265:10)\n    at model.Query._findOne (C:\\vscode\\project\\vidly\\node_modules\\mongoose\\lib\\query.js:2589:8)\n    at model.Query.exec (C:\\vscode\\project\\vidly\\node_modules\\mongoose\\lib\\query.js:4412:80)\n    at processTicksAndRejections (node:internal/process/task_queues:105:5)\n    at C:\\vscode\\project\\vidly\\routes\\genres.js:52:17","stringValue":"\"1\"","kind":"ObjectId","value":"1","path":"_id","reason":{},"valueType":"string","level":"error","timestamp":"2024-12-26T08:45:18.991Z"}
{"level":"info","message":"Listening on port 3000..","timestamp":"2024-12-26T08:45:25.079Z"}
{"message":"Cast to ObjectId failed for value \"1\" (type string) at path \"_id\" for model \"Genre\"","stack":"CastError: Cast to ObjectId failed for value \"1\" (type string) at path \"_id\" for model \"Genre\"\n    at SchemaObjectId.Object.<anonymous>.SchemaObjectId.cast (C:\\vscode\\project\\vidly\\node_modules\\mongoose\\lib\\schema\\objectId.js:250:11)\n    at SchemaObjectId.Object.<anonymous>.SchemaType.applySetters (C:\\vscode\\project\\vidly\\node_modules\\mongoose\\lib\\schemaType.js:1236:12)\n    at SchemaObjectId.Object.<anonymous>.SchemaType.castForQuery (C:\\vscode\\project\\vidly\\node_modules\\mongoose\\lib\\schemaType.js:1653:17)\n    at cast (C:\\vscode\\project\\vidly\\node_modules\\mongoose\\lib\\cast.js:389:32)\n    at model.Query.Object.<anonymous>.Query.cast (C:\\vscode\\project\\vidly\\node_modules\\mongoose\\lib\\query.js:4868:12)\n    at model.Query.Object.<anonymous>.Query._castConditions (C:\\vscode\\project\\vidly\\node_modules\\mongoose\\lib\\query.js:2265:10)\n    at model.Query._findOne (C:\\vscode\\project\\vidly\\node_modules\\mongoose\\lib\\query.js:2589:8)\n    at model.Query.exec (C:\\vscode\\project\\vidly\\node_modules\\mongoose\\lib\\query.js:4412:80)\n    at processTicksAndRejections (node:internal/process/task_queues:105:5)\n    at C:\\vscode\\project\\vidly\\routes\\genres.js:52:17","stringValue":"\"1\"","kind":"ObjectId","value":"1","path":"_id","reason":{},"valueType":"string","level":"error","timestamp":"2024-12-26T08:45:25.400Z"}
{"level":"info","message":"Listening on port 3000..","timestamp":"2024-12-26T08:45:33.856Z"}
{"message":"Cast to ObjectId failed for value \"1\" (type string) at path \"_id\" for model \"Genre\"","stack":"CastError: Cast to ObjectId failed for value \"1\" (type string) at path \"_id\" for model \"Genre\"\n    at SchemaObjectId.Object.<anonymous>.SchemaObjectId.cast (C:\\vscode\\project\\vidly\\node_modules\\mongoose\\lib\\schema\\objectId.js:250:11)\n    at SchemaObjectId.Object.<anonymous>.SchemaType.applySetters (C:\\vscode\\project\\vidly\\node_modules\\mongoose\\lib\\schemaType.js:1236:12)\n    at SchemaObjectId.Object.<anonymous>.SchemaType.castForQuery (C:\\vscode\\project\\vidly\\node_modules\\mongoose\\lib\\schemaType.js:1653:17)\n    at cast (C:\\vscode\\project\\vidly\\node_modules\\mongoose\\lib\\cast.js:389:32)\n    at model.Query.Object.<anonymous>.Query.cast (C:\\vscode\\project\\vidly\\node_modules\\mongoose\\lib\\query.js:4868:12)\n    at model.Query.Object.<anonymous>.Query._castConditions (C:\\vscode\\project\\vidly\\node_modules\\mongoose\\lib\\query.js:2265:10)\n    at model.Query._findOne (C:\\vscode\\project\\vidly\\node_modules\\mongoose\\lib\\query.js:2589:8)\n    at model.Query.exec (C:\\vscode\\project\\vidly\\node_modules\\mongoose\\lib\\query.js:4412:80)\n    at processTicksAndRejections (node:internal/process/task_queues:105:5)\n    at C:\\vscode\\project\\vidly\\routes\\genres.js:52:17","stringValue":"\"1\"","kind":"ObjectId","value":"1","path":"_id","reason":{},"valueType":"string","level":"error","timestamp":"2024-12-26T08:45:34.162Z"}
{"level":"info","message":"Listening on port 3000..","timestamp":"2024-12-26T08:45:40.647Z"}
{"message":"Cast to ObjectId failed for value \"1\" (type string) at path \"_id\" for model \"Genre\"","stack":"CastError: Cast to ObjectId failed for value \"1\" (type string) at path \"_id\" for model \"Genre\"\n    at SchemaObjectId.Object.<anonymous>.SchemaObjectId.cast (C:\\vscode\\project\\vidly\\node_modules\\mongoose\\lib\\schema\\objectId.js:250:11)\n    at SchemaObjectId.Object.<anonymous>.SchemaType.applySetters (C:\\vscode\\project\\vidly\\node_modules\\mongoose\\lib\\schemaType.js:1236:12)\n    at SchemaObjectId.Object.<anonymous>.SchemaType.castForQuery (C:\\vscode\\project\\vidly\\node_modules\\mongoose\\lib\\schemaType.js:1653:17)\n    at cast (C:\\vscode\\project\\vidly\\node_modules\\mongoose\\lib\\cast.js:389:32)\n    at model.Query.Object.<anonymous>.Query.cast (C:\\vscode\\project\\vidly\\node_modules\\mongoose\\lib\\query.js:4868:12)\n    at model.Query.Object.<anonymous>.Query._castConditions (C:\\vscode\\project\\vidly\\node_modules\\mongoose\\lib\\query.js:2265:10)\n    at model.Query._findOne (C:\\vscode\\project\\vidly\\node_modules\\mongoose\\lib\\query.js:2589:8)\n    at model.Query.exec (C:\\vscode\\project\\vidly\\node_modules\\mongoose\\lib\\query.js:4412:80)\n    at processTicksAndRejections (node:internal/process/task_queues:105:5)\n    at C:\\vscode\\project\\vidly\\routes\\genres.js:52:17","stringValue":"\"1\"","kind":"ObjectId","value":"1","path":"_id","reason":{},"valueType":"string","level":"error","timestamp":"2024-12-26T08:45:40.940Z"}
{"level":"info","message":"Listening on port 3000..","timestamp":"2024-12-26T08:46:12.987Z"}
{"message":"Cast to ObjectId failed for value \"1\" (type string) at path \"_id\" for model \"Genre\"","stack":"CastError: Cast to ObjectId failed for value \"1\" (type string) at path \"_id\" for model \"Genre\"\n    at SchemaObjectId.Object.<anonymous>.SchemaObjectId.cast (C:\\vscode\\project\\vidly\\node_modules\\mongoose\\lib\\schema\\objectId.js:250:11)\n    at SchemaObjectId.Object.<anonymous>.SchemaType.applySetters (C:\\vscode\\project\\vidly\\node_modules\\mongoose\\lib\\schemaType.js:1236:12)\n    at SchemaObjectId.Object.<anonymous>.SchemaType.castForQuery (C:\\vscode\\project\\vidly\\node_modules\\mongoose\\lib\\schemaType.js:1653:17)\n    at cast (C:\\vscode\\project\\vidly\\node_modules\\mongoose\\lib\\cast.js:389:32)\n    at model.Query.Object.<anonymous>.Query.cast (C:\\vscode\\project\\vidly\\node_modules\\mongoose\\lib\\query.js:4868:12)\n    at model.Query.Object.<anonymous>.Query._castConditions (C:\\vscode\\project\\vidly\\node_modules\\mongoose\\lib\\query.js:2265:10)\n    at model.Query._findOne (C:\\vscode\\project\\vidly\\node_modules\\mongoose\\lib\\query.js:2589:8)\n    at model.Query.exec (C:\\vscode\\project\\vidly\\node_modules\\mongoose\\lib\\query.js:4412:80)\n    at processTicksAndRejections (node:internal/process/task_queues:105:5)\n    at C:\\vscode\\project\\vidly\\routes\\genres.js:53:17","stringValue":"\"1\"","kind":"ObjectId","value":"1","path":"_id","reason":{},"valueType":"string","level":"error","timestamp":"2024-12-26T08:46:13.285Z"}
{"level":"info","message":"Listening on port 3000..","timestamp":"2024-12-26T08:46:21.133Z"}
{"message":"Cast to ObjectId failed for value \"1\" (type string) at path \"_id\" for model \"Genre\"","stack":"CastError: Cast to ObjectId failed for value \"1\" (type string) at path \"_id\" for model \"Genre\"\n    at SchemaObjectId.Object.<anonymous>.SchemaObjectId.cast (C:\\vscode\\project\\vidly\\node_modules\\mongoose\\lib\\schema\\objectId.js:250:11)\n    at SchemaObjectId.Object.<anonymous>.SchemaType.applySetters (C:\\vscode\\project\\vidly\\node_modules\\mongoose\\lib\\schemaType.js:1236:12)\n    at SchemaObjectId.Object.<anonymous>.SchemaType.castForQuery (C:\\vscode\\project\\vidly\\node_modules\\mongoose\\lib\\schemaType.js:1653:17)\n    at cast (C:\\vscode\\project\\vidly\\node_modules\\mongoose\\lib\\cast.js:389:32)\n    at model.Query.Object.<anonymous>.Query.cast (C:\\vscode\\project\\vidly\\node_modules\\mongoose\\lib\\query.js:4868:12)\n    at model.Query.Object.<anonymous>.Query._castConditions (C:\\vscode\\project\\vidly\\node_modules\\mongoose\\lib\\query.js:2265:10)\n    at model.Query._findOne (C:\\vscode\\project\\vidly\\node_modules\\mongoose\\lib\\query.js:2589:8)\n    at model.Query.exec (C:\\vscode\\project\\vidly\\node_modules\\mongoose\\lib\\query.js:4412:80)\n    at processTicksAndRejections (node:internal/process/task_queues:105:5)\n    at C:\\vscode\\project\\vidly\\routes\\genres.js:53:17","stringValue":"\"1\"","kind":"ObjectId","value":"1","path":"_id","reason":{},"valueType":"string","level":"error","timestamp":"2024-12-26T08:46:21.653Z"}
{"level":"info","message":"Listening on port 3000..","timestamp":"2024-12-26T08:46:45.375Z"}
{"message":"Cast to ObjectId failed for value \"1\" (type string) at path \"_id\" for model \"Genre\"","stack":"CastError: Cast to ObjectId failed for value \"1\" (type string) at path \"_id\" for model \"Genre\"\n    at SchemaObjectId.Object.<anonymous>.SchemaObjectId.cast (C:\\vscode\\project\\vidly\\node_modules\\mongoose\\lib\\schema\\objectId.js:250:11)\n    at SchemaObjectId.Object.<anonymous>.SchemaType.applySetters (C:\\vscode\\project\\vidly\\node_modules\\mongoose\\lib\\schemaType.js:1236:12)\n    at SchemaObjectId.Object.<anonymous>.SchemaType.castForQuery (C:\\vscode\\project\\vidly\\node_modules\\mongoose\\lib\\schemaType.js:1653:17)\n    at cast (C:\\vscode\\project\\vidly\\node_modules\\mongoose\\lib\\cast.js:389:32)\n    at model.Query.Object.<anonymous>.Query.cast (C:\\vscode\\project\\vidly\\node_modules\\mongoose\\lib\\query.js:4868:12)\n    at model.Query.Object.<anonymous>.Query._castConditions (C:\\vscode\\project\\vidly\\node_modules\\mongoose\\lib\\query.js:2265:10)\n    at model.Query._findOne (C:\\vscode\\project\\vidly\\node_modules\\mongoose\\lib\\query.js:2589:8)\n    at model.Query.exec (C:\\vscode\\project\\vidly\\node_modules\\mongoose\\lib\\query.js:4412:80)\n    at processTicksAndRejections (node:internal/process/task_queues:105:5)\n    at C:\\vscode\\project\\vidly\\routes\\genres.js:51:17","stringValue":"\"1\"","kind":"ObjectId","value":"1","path":"_id","reason":{},"valueType":"string","level":"error","timestamp":"2024-12-26T08:46:45.671Z"}
{"level":"info","message":"Listening on port 3000..","timestamp":"2024-12-26T08:47:12.718Z"}
{"level":"info","message":"Listening on port 3000..","timestamp":"2024-12-26T08:51:10.442Z"}
{"level":"info","message":"Listening on port 3000..","timestamp":"2024-12-26T08:51:49.938Z"}
{"level":"info","message":"Listening on port 3000..","timestamp":"2024-12-26T08:54:37.976Z"}
{"level":"info","message":"Listening on port 3000..","timestamp":"2024-12-26T08:56:44.253Z"}
{"level":"info","message":"Listening on port 3000..","timestamp":"2024-12-26T08:58:42.937Z"}
{"level":"info","message":"Listening on port 3000..","timestamp":"2024-12-26T13:31:31.549Z"}
{"level":"info","message":"Listening on port 3000..","timestamp":"2024-12-26T13:38:16.850Z"}
{"level":"info","message":"Listening on port 3000..","timestamp":"2024-12-26T13:50:19.457Z"}
{"level":"info","message":"Listening on port 3000..","timestamp":"2024-12-31T05:26:43.128Z"}
{"level":"info","message":"Listening on port 3000..","timestamp":"2024-12-31T05:26:43.405Z"}
{"level":"info","message":"Listening on port 3000..","timestamp":"2024-12-31T05:42:32.309Z"}
{"level":"info","message":"Listening on port 3000..","timestamp":"2024-12-31T05:42:32.559Z"}
{"level":"info","message":"Listening on port 3000..","timestamp":"2024-12-31T05:42:42.169Z"}
{"level":"info","message":"Listening on port 3000..","timestamp":"2024-12-31T05:42:42.622Z"}
{"level":"info","message":"Listening on port 3000..","timestamp":"2024-12-31T06:07:58.934Z"}
{"level":"info","message":"Listening on port 3000..","timestamp":"2024-12-31T06:07:59.147Z"}
{"level":"info","message":"Listening on port 3000..","timestamp":"2024-12-31T06:08:47.562Z"}
{"level":"info","message":"Listening on port 3000..","timestamp":"2024-12-31T06:08:48.080Z"}
{"level":"info","message":"Listening on port 3000..","timestamp":"2024-12-31T06:09:16.102Z"}
{"level":"info","message":"Listening on port 3000..","timestamp":"2024-12-31T06:09:16.302Z"}
{"level":"info","message":"Listening on port 3000..","timestamp":"2024-12-31T06:09:54.083Z"}
{"level":"info","message":"Listening on port 3000..","timestamp":"2024-12-31T06:09:54.219Z"}
{"level":"info","message":"Listening on port 3000..","timestamp":"2024-12-31T06:10:02.121Z"}
{"level":"info","message":"Listening on port 3000..","timestamp":"2024-12-31T06:10:02.174Z"}
{"level":"info","message":"Listening on port 3000..","timestamp":"2024-12-31T06:10:53.456Z"}
{"level":"info","message":"Listening on port 3000..","timestamp":"2024-12-31T06:10:53.880Z"}
{"level":"info","message":"Listening on port 3000..","timestamp":"2024-12-31T06:12:55.414Z"}
{"level":"info","message":"Listening on port 3000..","timestamp":"2024-12-31T06:12:55.614Z"}
{"level":"info","message":"Listening on port 3000..","timestamp":"2024-12-31T06:13:37.154Z"}
{"level":"info","message":"Listening on port 3000..","timestamp":"2024-12-31T06:13:37.184Z"}
{"level":"info","message":"Listening on port 3000..","timestamp":"2024-12-31T06:13:43.055Z"}
{"level":"info","message":"Listening on port 3000..","timestamp":"2024-12-31T06:13:43.110Z"}
{"level":"info","message":"Listening on port 3000..","timestamp":"2024-12-31T06:13:49.455Z"}
{"level":"info","message":"Listening on port 3000..","timestamp":"2024-12-31T06:13:49.712Z"}
{"level":"info","message":"Listening on port 3000..","timestamp":"2024-12-31T06:13:57.201Z"}
{"level":"info","message":"Listening on port 3000..","timestamp":"2024-12-31T06:13:57.406Z"}
{"level":"info","message":"Listening on port 3000..","timestamp":"2024-12-31T06:15:44.397Z"}
{"level":"info","message":"Listening on port 3000..","timestamp":"2024-12-31T06:15:44.900Z"}
{"level":"info","message":"Listening on port 3000..","timestamp":"2024-12-31T06:49:26.168Z"}
{"level":"info","message":"Listening on port 3000..","timestamp":"2024-12-31T06:49:26.183Z"}
{"level":"info","message":"Listening on port 3000..","timestamp":"2024-12-31T06:50:11.909Z"}
{"level":"info","message":"Listening on port 3000..","timestamp":"2024-12-31T06:50:12.014Z"}
{"level":"info","message":"Listening on port 3000..","timestamp":"2024-12-31T06:51:52.311Z"}
{"level":"info","message":"Listening on port 3000..","timestamp":"2024-12-31T06:51:52.521Z"}
{"level":"info","message":"Listening on port 3000..","timestamp":"2024-12-31T06:52:10.707Z"}
{"level":"info","message":"Listening on port 3000..","timestamp":"2024-12-31T06:52:10.857Z"}
{"level":"info","message":"Listening on port 3000..","timestamp":"2024-12-31T06:52:13.606Z"}
{"level":"info","message":"Listening on port 3000..","timestamp":"2024-12-31T06:52:13.787Z"}
{"level":"info","message":"Listening on port 3000..","timestamp":"2024-12-31T06:52:17.633Z"}
{"level":"info","message":"Listening on port 3000..","timestamp":"2024-12-31T06:52:17.845Z"}
{"level":"info","message":"Listening on port 3000..","timestamp":"2024-12-31T06:52:29.192Z"}
{"level":"info","message":"Listening on port 3000..","timestamp":"2024-12-31T06:52:29.263Z"}
{"level":"info","message":"Listening on port 3000..","timestamp":"2024-12-31T06:54:45.251Z"}
{"level":"info","message":"Listening on port 3000..","timestamp":"2024-12-31T06:54:49.597Z"}
{"level":"info","message":"Listening on port 3000..","timestamp":"2024-12-31T06:55:04.878Z"}
{"level":"info","message":"Listening on port 3000..","timestamp":"2024-12-31T06:55:05.088Z"}
{"level":"info","message":"Listening on port 3000..","timestamp":"2024-12-31T06:56:57.095Z"}
{"level":"info","message":"Listening on port 3000..","timestamp":"2024-12-31T06:56:57.262Z"}
{"level":"info","message":"Listening on port 3000..","timestamp":"2024-12-31T06:57:49.425Z"}
{"level":"info","message":"Listening on port 3000..","timestamp":"2024-12-31T06:57:49.521Z"}
{"level":"info","message":"Listening on port 3000..","timestamp":"2024-12-31T06:57:53.291Z"}
{"level":"info","message":"Listening on port 3000..","timestamp":"2024-12-31T06:57:53.369Z"}
{"level":"info","message":"Listening on port 3000..","timestamp":"2024-12-31T06:58:35.039Z"}
{"level":"info","message":"Listening on port 3000..","timestamp":"2024-12-31T06:58:35.053Z"}
{"level":"info","message":"Listening on port 3000..","timestamp":"2024-12-31T06:59:10.143Z"}
{"level":"info","message":"Listening on port 3000..","timestamp":"2024-12-31T06:59:10.263Z"}
{"level":"info","message":"Listening on port 3000..","timestamp":"2024-12-31T06:59:35.842Z"}
{"level":"info","message":"Listening on port 3000..","timestamp":"2024-12-31T06:59:36.101Z"}
{"level":"info","message":"Listening on port 3000..","timestamp":"2024-12-31T13:41:48.594Z"}
{"level":"info","message":"Listening on port 3000..","timestamp":"2024-12-31T13:41:48.812Z"}
{"level":"info","message":"Listening on port 3000..","timestamp":"2024-12-31T13:42:01.622Z"}
{"level":"info","message":"Listening on port 3000..","timestamp":"2024-12-31T13:42:02.083Z"}
{"level":"info","message":"Listening on port 3000..","timestamp":"2024-12-31T13:44:02.588Z"}
{"level":"info","message":"Listening on port 3000..","timestamp":"2024-12-31T13:44:02.728Z"}
{"level":"info","message":"Listening on port 3000..","timestamp":"2024-12-31T13:44:09.360Z"}
{"level":"info","message":"Listening on port 3000..","timestamp":"2024-12-31T13:44:09.555Z"}
{"level":"info","message":"Listening on port 3000..","timestamp":"2024-12-31T13:46:11.712Z"}
{"level":"info","message":"Listening on port 3000..","timestamp":"2024-12-31T13:46:12.283Z"}
